<?xml version="1.0" encoding="UTF-8"?>
<!-- Generated by org.testng.reporters.JUnitReportReporter -->
<testsuite hostname="AMIT" failures="0" tests="1" name="com.amazon.testcases.TC_Login_001" time="13.371" errors="0" timestamp="2023-05-30T11:56:44 IST" skipped="0">
  <testcase classname="com.amazon.testcases.TC_Login_001" name="TC_001" time="13.371"/>
  <system-out/>
</testsuite> <!-- com.amazon.testcases.TC_Login_001 -->
